app/build/outputs/logs/manifest-merger-release-report.txt
-- Merging decision tree log ---
manifest
ADDED from src\main\AndroidManifest.xml:2:1-454:12
INJECTED from src\main\AndroidManifest.xml:2:1-454:12
INJECTED from src\main\AndroidManifest.xml:2:1-454:12
INJECTED from src\main\AndroidManifest.xml:2:1-454:12
MERGED from [com.android.support.constraint:constraint-layout:1.0.2] AndroidManifest.xml:2:1-11:12
MERGED from [com.github.chrisbanes.photoview:library:1.2.4] AndroidManifest.xml:2:1-11:12
MERGED from [com.jzxiang.pickerview:TimePickerDialog:1.0.0] AndroidManifest.xml:2:1-16:12
MERGED from [com.jude:rollviewpager:1.4.6] AndroidManifest.xml:2:1-11:12
MERGED from [:library] AndroidManifest.xml:2:1-12:12
MERGED from [:xrecyclerview] AndroidManifest.xml:2:1-13:12
MERGED from [:autolayout] AndroidManifest.xml:2:1-12:12
MERGED from [com.github.dongjunkun:DropDownMenu:1.0.3] AndroidManifest.xml:2:1-17:12
MERGED from [com.github.chihane:JDAddressSelector:1.1.4] AndroidManifest.xml:2:1-16:12
MERGED from [com.sunfusheng:marqueeview:1.1.0] AndroidManifest.xml:2:1-17:12
MERGED from [com.xingliuhua:xlhratingbar_lib:1.0.1] AndroidManifest.xml:2:1-17:12
MERGED from [com.github.pinguo-zhouwei:CustomPopwindow:2.1.1] AndroidManifest.xml:2:1-17:12
MERGED from [com.lai.weavey:loadinglayout:1.2] AndroidManifest.xml:2:1-17:12
MERGED from [com.google.android:flexbox:0.2.3] AndroidManifest.xml:17:1-27:12
MERGED from [cn.pedant.sweetalert:library:1.3] AndroidManifest.xml:2:1-13:12
MERGED from [com.pnikosis:materialish-progress:1.0] AndroidManifest.xml:2:1-17:12
MERGED from [com.android.support:design:25.1.1] AndroidManifest.xml:17:1-27:12
MERGED from [com.android.support:appcompat-v7:25.1.1] AndroidManifest.xml:17:1-27:12
MERGED from [com.android.support:transition:25.1.1] AndroidManifest.xml:17:1-24:12
MERGED from [com.android.support:support-v4:25.1.1] AndroidManifest.xml:17:1-27:12
MERGED from [de.hdodenhof:circleimageview:2.1.0] AndroidManifest.xml:2:1-11:12
MERGED from [cn.bingoogolapple:bga-refreshlayout:1.1.6] AndroidManifest.xml:2:1-10:12
MERGED from [com.github.bumptech.glide:okhttp3-integration:1.4.0] AndroidManifest.xml:2:1-17:12
MERGED from [com.jakewharton.rxbinding:rxbinding:0.4.0] AndroidManifest.xml:2:1-8:12
MERGED from [io.reactivex:rxandroid:1.2.1] AndroidManifest.xml:15:1-21:12
MERGED from [com.tbruyelle.rxpermissions:rxpermissions:0.9.0] AndroidManifest.xml:2:1-13:12
MERGED from [com.kaopiz:kprogresshud:1.0.2] AndroidManifest.xml:2:1-15:12
MERGED from [com.weigan:loopView:0.1.2] AndroidManifest.xml:2:1-14:12
MERGED from [me.iwf.photopicker:PhotoPicker:0.9.5] AndroidManifest.xml:2:1-25:12
MERGED from [com.jakewharton:butterknife:8.4.0] AndroidManifest.xml:2:1-7:12
MERGED from [com.youth.banner:banner:1.4.9] AndroidManifest.xml:2:1-11:12
MERGED from [com.github.delight-im:Android-AdvancedWebView:v3.0.0] AndroidManifest.xml:2:1-11:12
MERGED from [com.android.support:multidex:1.0.2] AndroidManifest.xml:17:1-22:12
MERGED from [com.bm.photoview:library:1.4.1] AndroidManifest.xml:2:1-14:12
MERGED from [com.github.HanHuoBin:BaseDialog:1.2.0] AndroidManifest.xml:2:1-17:12
MERGED from [q.rorbin:badgeview:1.1.0] AndroidManifest.xml:2:1-13:12
MERGED from [com.android.support:animated-vector-drawable:25.1.1] AndroidManifest.xml:17:1-24:12
MERGED from [com.android.support:support-vector-drawable:25.1.1] AndroidManifest.xml:17:1-25:12
MERGED from [com.android.support:support-fragment:25.1.1] AndroidManifest.xml:17:1-27:12
MERGED from [com.android.support:support-media-compat:25.1.1] AndroidManifest.xml:17:1-27:12
MERGED from [com.android.support:support-core-utils:25.1.1] AndroidManifest.xml:17:1-27:12
MERGED from [com.android.support:recyclerview-v7:25.1.1] AndroidManifest.xml:17:1-22:12
MERGED from [com.android.support:support-core-ui:25.1.1] AndroidManifest.xml:17:1-27:12
MERGED from [com.android.support:support-compat:25.1.1] AndroidManifest.xml:17:1-27:12
MERGED from [com.github.Raizlabs.DBFlow:dbflow:3.0.0-beta6] AndroidManifest.xml:2:1-13:12
MERGED from [com.github.chihane:AndroidUtils:1.0.10] AndroidManifest.xml:2:1-16:12
MERGED from [com.mikepenz:materialize:0.9.0] AndroidManifest.xml:2:1-12:12
MERGED from [com.mikepenz:iconics-core:2.7.2] AndroidManifest.xml:2:1-12:12
MERGED from [com.mikepenz:fastadapter:1.6.1] AndroidManifest.xml:2:1-12:12
INJECTED from src\main\AndroidManifest.xml:2:1-454:12
INJECTED from src\main\AndroidManifest.xml:2:1-454:12
INJECTED from src\main\AndroidManifest.xml:2:1-454:12
	package
		ADDED from src\main\AndroidManifest.xml:5:5-32
		INJECTED from src\main\AndroidManifest.xml
		INJECTED from src\main\AndroidManifest.xml
	android:versionName
		INJECTED from src\main\AndroidManifest.xml
		ADDED from src\main\AndroidManifest.xml:2:1-454:12
		INJECTED from src\main\AndroidManifest.xml
	xmlns:tools
		ADDED from src\main\AndroidManifest.xml:4:5-51
	android:versionCode
		INJECTED from src\main\AndroidManifest.xml
		ADDED from src\main\AndroidManifest.xml:2:1-454:12
		INJECTED from src\main\AndroidManifest.xml
	xmlns:android
		ADDED from src\main\AndroidManifest.xml:2:11-69
	xmlns:serviceandroid
		ADDED from src\main\AndroidManifest.xml:3:5-67
uses-sdk
ADDED from src\main\AndroidManifest.xml:7:5-44
INJECTED from src\main\AndroidManifest.xml:7:5-44
INJECTED from src\main\AndroidManifest.xml:7:5-44
MERGED from [com.android.support.constraint:constraint-layout:1.0.2] AndroidManifest.xml:5:5-7:41
MERGED from [com.android.support.constraint:constraint-layout:1.0.2] AndroidManifest.xml:5:5-7:41
MERGED from [com.github.chrisbanes.photoview:library:1.2.4] AndroidManifest.xml:7:5-9:41
MERGED from [com.github.chrisbanes.photoview:library:1.2.4] AndroidManifest.xml:7:5-9:41
MERGED from [com.jzxiang.pickerview:TimePickerDialog:1.0.0] AndroidManifest.xml:7:5-9:41
MERGED from [com.jzxiang.pickerview:TimePickerDialog:1.0.0] AndroidManifest.xml:7:5-9:41
MERGED from [com.jude:rollviewpager:1.4.6] AndroidManifest.xml:7:5-9:41
MERGED from [com.jude:rollviewpager:1.4.6] AndroidManifest.xml:7:5-9:41
MERGED from [:library] AndroidManifest.xml:8:5-10:41
MERGED from [:library] AndroidManifest.xml:8:5-10:41
MERGED from [:xrecyclerview] AndroidManifest.xml:7:5-9:41
MERGED from [:xrecyclerview] AndroidManifest.xml:7:5-9:41
MERGED from [:autolayout] AndroidManifest.xml:8:5-10:41
MERGED from [:autolayout] AndroidManifest.xml:8:5-10:41
MERGED from [com.github.dongjunkun:DropDownMenu:1.0.3] AndroidManifest.xml:7:5-9:41
MERGED from [com.github.dongjunkun:DropDownMenu:1.0.3] AndroidManifest.xml:7:5-9:41
MERGED from [com.github.chihane:JDAddressSelector:1.1.4] AndroidManifest.xml:7:5-9:41
MERGED from [com.github.chihane:JDAddressSelector:1.1.4] AndroidManifest.xml:7:5-9:41
MERGED from [com.sunfusheng:marqueeview:1.1.0] AndroidManifest.xml:7:5-9:41
MERGED from [com.sunfusheng:marqueeview:1.1.0] AndroidManifest.xml:7:5-9:41
MERGED from [com.xingliuhua:xlhratingbar_lib:1.0.1] AndroidManifest.xml:7:5-9:41
MERGED from [com.xingliuhua:xlhratingbar_lib:1.0.1] AndroidManifest.xml:7:5-9:41
MERGED from [com.github.pinguo-zhouwei:CustomPopwindow:2.1.1] AndroidManifest.xml:7:5-9:41
MERGED from [com.github.pinguo-zhouwei:CustomPopwindow:2.1.1] AndroidManifest.xml:7:5-9:41
MERGED from [com.lai.weavey:loadinglayout:1.2] AndroidManifest.xml:7:5-9:41
MERGED from [com.lai.weavey:loadinglayout:1.2] AndroidManifest.xml:7:5-9:41
MERGED from [com.google.android:flexbox:0.2.3] AndroidManifest.xml:23:5-25:41
MERGED from [com.google.android:flexbox:0.2.3] AndroidManifest.xml:23:5-25:41
MERGED from [cn.pedant.sweetalert:library:1.3] AndroidManifest.xml:7:5-9:41
MERGED from [cn.pedant.sweetalert:library:1.3] AndroidManifest.xml:7:5-9:41
MERGED from [com.pnikosis:materialish-progress:1.0] AndroidManifest.xml:7:5-9:41
MERGED from [com.pnikosis:materialish-progress:1.0] AndroidManifest.xml:7:5-9:41
MERGED from [com.android.support:design:25.1.1] AndroidManifest.xml:21:5-23:62
MERGED from [com.android.support:design:25.1.1] AndroidManifest.xml:21:5-23:62
MERGED from [com.android.support:appcompat-v7:25.1.1] AndroidManifest.xml:21:5-23:78
MERGED from [com.android.support:appcompat-v7:25.1.1] AndroidManifest.xml:21:5-23:78
MERGED from [com.android.support:transition:25.1.1] AndroidManifest.xml:20:5-44
MERGED from [com.android.support:transition:25.1.1] AndroidManifest.xml:20:5-44
MERGED from [com.android.support:support-v4:25.1.1] AndroidManifest.xml:21:5-23:54
MERGED from [com.android.support:support-v4:25.1.1] AndroidManifest.xml:21:5-23:54
MERGED from [de.hdodenhof:circleimageview:2.1.0] AndroidManifest.xml:5:5-7:41
MERGED from [de.hdodenhof:circleimageview:2.1.0] AndroidManifest.xml:5:5-7:41
MERGED from [cn.bingoogolapple:bga-refreshlayout:1.1.6] AndroidManifest.xml:6:5-8:41
MERGED from [cn.bingoogolapple:bga-refreshlayout:1.1.6] AndroidManifest.xml:6:5-8:41
MERGED from [com.github.bumptech.glide:okhttp3-integration:1.4.0] AndroidManifest.xml:7:5-9:41
MERGED from [com.github.bumptech.glide:okhttp3-integration:1.4.0] AndroidManifest.xml:7:5-9:41
MERGED from [com.jakewharton.rxbinding:rxbinding:0.4.0] AndroidManifest.xml:6:5-44
MERGED from [com.jakewharton.rxbinding:rxbinding:0.4.0] AndroidManifest.xml:6:5-44
MERGED from [io.reactivex:rxandroid:1.2.1] AndroidManifest.xml:19:5-43
MERGED from [io.reactivex:rxandroid:1.2.1] AndroidManifest.xml:19:5-43
MERGED from [com.tbruyelle.rxpermissions:rxpermissions:0.9.0] AndroidManifest.xml:7:5-9:41
MERGED from [com.tbruyelle.rxpermissions:rxpermissions:0.9.0] AndroidManifest.xml:7:5-9:41
MERGED from [com.kaopiz:kprogresshud:1.0.2] AndroidManifest.xml:7:5-9:41
MERGED from [com.kaopiz:kprogresshud:1.0.2] AndroidManifest.xml:7:5-9:41
MERGED from [com.weigan:loopView:0.1.2] AndroidManifest.xml:7:5-9:41
MERGED from [com.weigan:loopView:0.1.2] AndroidManifest.xml:7:5-9:41
MERGED from [me.iwf.photopicker:PhotoPicker:0.9.5] AndroidManifest.xml:5:5-7:41
MERGED from [me.iwf.photopicker:PhotoPicker:0.9.5] AndroidManifest.xml:5:5-7:41
MERGED from [com.jakewharton:butterknife:8.4.0] AndroidManifest.xml:5:5-43
MERGED from [com.jakewharton:butterknife:8.4.0] AndroidManifest.xml:5:5-43
MERGED from [com.youth.banner:banner:1.4.9] AndroidManifest.xml:7:5-9:41
MERGED from [com.youth.banner:banner:1.4.9] AndroidManifest.xml:7:5-9:41
MERGED from [com.github.delight-im:Android-AdvancedWebView:v3.0.0] AndroidManifest.xml:5:5-7:41
MERGED from [com.github.delight-im:Android-AdvancedWebView:v3.0.0] AndroidManifest.xml:5:5-7:41
MERGED from [com.android.support:multidex:1.0.2] AndroidManifest.xml:20:5-43
MERGED from [com.android.support:multidex:1.0.2] AndroidManifest.xml:20:5-43
MERGED from [com.bm.photoview:library:1.4.1] AndroidManifest.xml:7:5-9:41
MERGED from [com.bm.photoview:library:1.4.1] AndroidManifest.xml:7:5-9:41
MERGED from [com.github.HanHuoBin:BaseDialog:1.2.0] AndroidManifest.xml:7:5-9:41
MERGED from [com.github.HanHuoBin:BaseDialog:1.2.0] AndroidManifest.xml:7:5-9:41
MERGED from [q.rorbin:badgeview:1.1.0] AndroidManifest.xml:7:5-9:41
MERGED from [q.rorbin:badgeview:1.1.0] AndroidManifest.xml:7:5-9:41
MERGED from [com.android.support:animated-vector-drawable:25.1.1] AndroidManifest.xml:20:5-44
MERGED from [com.android.support:animated-vector-drawable:25.1.1] AndroidManifest.xml:20:5-44
MERGED from [com.android.support:support-vector-drawable:25.1.1] AndroidManifest.xml:21:5-43
MERGED from [com.android.support:support-vector-drawable:25.1.1] AndroidManifest.xml:21:5-43
MERGED from [com.android.support:support-fragment:25.1.1] AndroidManifest.xml:21:5-23:60
MERGED from [com.android.support:support-fragment:25.1.1] AndroidManifest.xml:21:5-23:60
MERGED from [com.android.support:support-media-compat:25.1.1] AndroidManifest.xml:21:5-23:63
MERGED from [com.android.support:support-media-compat:25.1.1] AndroidManifest.xml:21:5-23:63
MERGED from [com.android.support:support-core-utils:25.1.1] AndroidManifest.xml:21:5-23:61
MERGED from [com.android.support:support-core-utils:25.1.1] AndroidManifest.xml:21:5-23:61
MERGED from [com.android.support:recyclerview-v7:25.1.1] AndroidManifest.xml:20:5-43
MERGED from [com.android.support:recyclerview-v7:25.1.1] AndroidManifest.xml:20:5-43
MERGED from [com.android.support:support-core-ui:25.1.1] AndroidManifest.xml:21:5-23:58
MERGED from [com.android.support:support-core-ui:25.1.1] AndroidManifest.xml:21:5-23:58
MERGED from [com.android.support:support-compat:25.1.1] AndroidManifest.xml:21:5-23:58
MERGED from [com.android.support:support-compat:25.1.1] AndroidManifest.xml:21:5-23:58
MERGED from [com.github.Raizlabs.DBFlow:dbflow:3.0.0-beta6] AndroidManifest.xml:7:5-9:41
MERGED from [com.github.Raizlabs.DBFlow:dbflow:3.0.0-beta6] AndroidManifest.xml:7:5-9:41
MERGED from [com.github.chihane:AndroidUtils:1.0.10] AndroidManifest.xml:7:5-9:41
MERGED from [com.github.chihane:AndroidUtils:1.0.10] AndroidManifest.xml:7:5-9:41
MERGED from [com.mikepenz:materialize:0.9.0] AndroidManifest.xml:8:5-10:41
MERGED from [com.mikepenz:materialize:0.9.0] AndroidManifest.xml:8:5-10:41
MERGED from [com.mikepenz:iconics-core:2.7.2] AndroidManifest.xml:8:5-10:41
MERGED from [com.mikepenz:iconics-core:2.7.2] AndroidManifest.xml:8:5-10:41
MERGED from [com.mikepenz:fastadapter:1.6.1] AndroidManifest.xml:8:5-10:41
MERGED from [com.mikepenz:fastadapter:1.6.1] AndroidManifest.xml:8:5-10:41
INJECTED from src\main\AndroidManifest.xml:7:5-44
INJECTED from src\main\AndroidManifest.xml:7:5-44
	tools:overrideLibrary
		ADDED from [com.android.support:design:25.1.1] AndroidManifest.xml:23:9-59
	android:targetSdkVersion
		INJECTED from src\main\AndroidManifest.xml
		ADDED from src\main\AndroidManifest.xml:7:5-44
		INJECTED from src\main\AndroidManifest.xml
	android:minSdkVersion
		ADDED from src\main\AndroidManifest.xml:7:15-41
		INJECTED from src\main\AndroidManifest.xml
		INJECTED from src\main\AndroidManifest.xml
uses-permission#android.permission.READ_PHONE_STATE
ADDED from src\main\AndroidManifest.xml:9:5-75
	android:name
		ADDED from src\main\AndroidManifest.xml:9:22-72
uses-permission#android.permission.INTERNET
ADDED from src\main\AndroidManifest.xml:10:5-67
	android:name
		ADDED from src\main\AndroidManifest.xml:10:22-64
uses-permission#android.permission.CAMERA
ADDED from src\main\AndroidManifest.xml:11:5-65
MERGED from [me.iwf.photopicker:PhotoPicker:0.9.5] AndroidManifest.xml:11:5-65
MERGED from [me.iwf.photopicker:PhotoPicker:0.9.5] AndroidManifest.xml:11:5-65
	android:name
		ADDED from src\main\AndroidManifest.xml:11:22-62
uses-permission#android.permission.MOUNT_UNMOUNT_FILESYSTEMS
ADDED from src\main\AndroidManifest.xml:12:5-14:47
	tools:ignore
		ADDED from src\main\AndroidManifest.xml:14:9-44
	android:name
		ADDED from src\main\AndroidManifest.xml:13:9-68
uses-permission#android.permission.WRITE_EXTERNAL_STORAGE
ADDED from src\main\AndroidManifest.xml:15:5-81
MERGED from [me.iwf.photopicker:PhotoPicker:0.9.5] AndroidManifest.xml:9:5-81
MERGED from [me.iwf.photopicker:PhotoPicker:0.9.5] AndroidManifest.xml:9:5-81
	android:name
		ADDED from src\main\AndroidManifest.xml:15:22-78
uses-permission#android.permission.ACCESS_WIFI_STATE
ADDED from src\main\AndroidManifest.xml:17:5-76
	android:name
		ADDED from src\main\AndroidManifest.xml:17:22-73
uses-permission#android.permission.CHANGE_WIFI_STATE
ADDED from src\main\AndroidManifest.xml:18:5-76
	android:name
		ADDED from src\main\AndroidManifest.xml:18:22-73
uses-permission#android.permission.WAKE_LOCK
ADDED from src\main\AndroidManifest.xml:19:5-68
	android:name
		ADDED from src\main\AndroidManifest.xml:19:22-65
uses-permission#android.permission.NFC
ADDED from src\main\AndroidManifest.xml:20:5-62
	android:name
		ADDED from src\main\AndroidManifest.xml:20:22-59
uses-feature#android.hardware.nfc.hce
ADDED from src\main\AndroidManifest.xml:22:5-61
	android:name
		ADDED from src\main\AndroidManifest.xml:22:19-58
uses-permission#android.permission.RECORD_AUDIO
ADDED from src\main\AndroidManifest.xml:24:5-71
	android:name
		ADDED from src\main\AndroidManifest.xml:24:22-68
uses-permission#android.permission.MODIFY_AUDIO_SETTINGS
ADDED from src\main\AndroidManifest.xml:25:5-80
	android:name
		ADDED from src\main\AndroidManifest.xml:25:22-77
uses-permission#org.simalliance.openmobileapi.SMARTCARD
ADDED from src\main\AndroidManifest.xml:26:5-79
	android:name
		ADDED from src\main\AndroidManifest.xml:26:22-76
uses-permission#android.permission.READ_EXTERNAL_STORAGE
ADDED from src\main\AndroidManifest.xml:27:5-80
MERGED from [me.iwf.photopicker:PhotoPicker:0.9.5] AndroidManifest.xml:10:5-80
MERGED from [me.iwf.photopicker:PhotoPicker:0.9.5] AndroidManifest.xml:10:5-80
	android:name
		ADDED from src\main\AndroidManifest.xml:27:22-77
uses-permission#android.permission.ACCESS_NETWORK_STATE
ADDED from src\main\AndroidManifest.xml:28:5-79
	android:name
		ADDED from src\main\AndroidManifest.xml:28:22-76
uses-permission#android.permission.ACCESS_COARSE_LOCATION
ADDED from src\main\AndroidManifest.xml:31:5-81
	android:name
		ADDED from src\main\AndroidManifest.xml:31:22-78
uses-permission#android.permission.ACCESS_FINE_LOCATION
ADDED from src\main\AndroidManifest.xml:33:5-79
	android:name
		ADDED from src\main\AndroidManifest.xml:33:22-76
uses-permission#com.android.launcher.permission.READ_SETTINGS
ADDED from src\main\AndroidManifest.xml:56:5-85
	android:name
		ADDED from src\main\AndroidManifest.xml:56:22-82
uses-permission#android.permission.WRITE_SETTINGS
ADDED from src\main\AndroidManifest.xml:62:5-64:47
	tools:ignore
		ADDED from src\main\AndroidManifest.xml:64:9-44
	android:name
		ADDED from src\main\AndroidManifest.xml:63:9-57
uses-permission#android.permission.CALL_PHONE
ADDED from src\main\AndroidManifest.xml:71:5-69
	android:name
		ADDED from src\main\AndroidManifest.xml:71:22-66
uses-permission#android.permission.REQUEST_INSTALL_PACKAGES
ADDED from src\main\AndroidManifest.xml:80:5-83
	android:name
		ADDED from src\main\AndroidManifest.xml:80:22-80
permission#com.azhyun.massxj.permission.JPUSH_MESSAGE
ADDED from src\main\AndroidManifest.xml:83:5-85:47
	android:protectionLevel
		ADDED from src\main\AndroidManifest.xml:85:9-44
	android:name
		ADDED from src\main\AndroidManifest.xml:84:9-66
uses-permission#com.azhyun.mass.permission.JPUSH_MESSAGE
ADDED from src\main\AndroidManifest.xml:88:5-80
	android:name
		ADDED from src\main\AndroidManifest.xml:88:22-77
uses-permission#android.permission.RECEIVE_USER_PRESENT
ADDED from src\main\AndroidManifest.xml:89:5-79
	android:name
		ADDED from src\main\AndroidManifest.xml:89:22-76
uses-permission#android.permission.VIBRATE
ADDED from src\main\AndroidManifest.xml:98:5-66
	android:name
		ADDED from src\main\AndroidManifest.xml:98:22-63
uses-permission#android.permission.SYSTEM_ALERT_WINDOW
ADDED from src\main\AndroidManifest.xml:106:5-78
	android:name
		ADDED from src\main\AndroidManifest.xml:106:22-75
uses-permission#android.permission.ACCESS_LOCATION_EXTRA_COMMANDS
ADDED from src\main\AndroidManifest.xml:110:5-89
	android:name
		ADDED from src\main\AndroidManifest.xml:110:22-86
uses-permission#android.permission.CHANGE_NETWORK_STATE
ADDED from src\main\AndroidManifest.xml:111:5-79
	android:name
		ADDED from src\main\AndroidManifest.xml:111:22-76
uses-permission#android.permission.GET_TASKS
ADDED from src\main\AndroidManifest.xml:112:5-68
	android:name
		ADDED from src\main\AndroidManifest.xml:112:22-65
application
ADDED from src\main\AndroidManifest.xml:123:5-452:19
MERGED from [com.android.support.constraint:constraint-layout:1.0.2] AndroidManifest.xml:9:5-20
MERGED from [com.android.support.constraint:constraint-layout:1.0.2] AndroidManifest.xml:9:5-20
MERGED from [com.jzxiang.pickerview:TimePickerDialog:1.0.0] AndroidManifest.xml:11:5-14:19
MERGED from [com.jzxiang.pickerview:TimePickerDialog:1.0.0] AndroidManifest.xml:11:5-14:19
MERGED from [:xrecyclerview] AndroidManifest.xml:11:5-20
MERGED from [:xrecyclerview] AndroidManifest.xml:11:5-20
MERGED from [com.github.dongjunkun:DropDownMenu:1.0.3] AndroidManifest.xml:11:5-15:19
MERGED from [com.github.dongjunkun:DropDownMenu:1.0.3] AndroidManifest.xml:11:5-15:19
MERGED from [com.github.chihane:JDAddressSelector:1.1.4] AndroidManifest.xml:11:5-14:19
MERGED from [com.github.chihane:JDAddressSelector:1.1.4] AndroidManifest.xml:11:5-14:19
MERGED from [com.sunfusheng:marqueeview:1.1.0] AndroidManifest.xml:11:5-15:19
MERGED from [com.sunfusheng:marqueeview:1.1.0] AndroidManifest.xml:11:5-15:19
MERGED from [com.xingliuhua:xlhratingbar_lib:1.0.1] AndroidManifest.xml:11:5-15:19
MERGED from [com.xingliuhua:xlhratingbar_lib:1.0.1] AndroidManifest.xml:11:5-15:19
MERGED from [com.github.pinguo-zhouwei:CustomPopwindow:2.1.1] AndroidManifest.xml:11:5-15:19
MERGED from [com.github.pinguo-zhouwei:CustomPopwindow:2.1.1] AndroidManifest.xml:11:5-15:19
MERGED from [com.lai.weavey:loadinglayout:1.2] AndroidManifest.xml:11:5-15:19
MERGED from [com.lai.weavey:loadinglayout:1.2] AndroidManifest.xml:11:5-15:19
MERGED from [cn.pedant.sweetalert:library:1.3] AndroidManifest.xml:11:5-20
MERGED from [cn.pedant.sweetalert:library:1.3] AndroidManifest.xml:11:5-20
MERGED from [com.pnikosis:materialish-progress:1.0] AndroidManifest.xml:11:5-15:19
MERGED from [com.pnikosis:materialish-progress:1.0] AndroidManifest.xml:11:5-15:19
MERGED from [com.android.support:design:25.1.1] AndroidManifest.xml:25:5-20
MERGED from [com.android.support:design:25.1.1] AndroidManifest.xml:25:5-20
MERGED from [com.android.support:appcompat-v7:25.1.1] AndroidManifest.xml:25:5-20
MERGED from [com.android.support:appcompat-v7:25.1.1] AndroidManifest.xml:25:5-20
MERGED from [com.android.support:transition:25.1.1] AndroidManifest.xml:22:5-20
MERGED from [com.android.support:transition:25.1.1] AndroidManifest.xml:22:5-20
MERGED from [com.android.support:support-v4:25.1.1] AndroidManifest.xml:25:5-20
MERGED from [com.android.support:support-v4:25.1.1] AndroidManifest.xml:25:5-20
MERGED from [de.hdodenhof:circleimageview:2.1.0] AndroidManifest.xml:9:5-20
MERGED from [de.hdodenhof:circleimageview:2.1.0] AndroidManifest.xml:9:5-20
MERGED from [com.github.bumptech.glide:okhttp3-integration:1.4.0] AndroidManifest.xml:11:5-15:19
MERGED from [com.github.bumptech.glide:okhttp3-integration:1.4.0] AndroidManifest.xml:11:5-15:19
MERGED from [com.tbruyelle.rxpermissions:rxpermissions:0.9.0] AndroidManifest.xml:11:5-20
MERGED from [com.tbruyelle.rxpermissions:rxpermissions:0.9.0] AndroidManifest.xml:11:5-20
MERGED from [com.kaopiz:kprogresshud:1.0.2] AndroidManifest.xml:11:5-13:38
MERGED from [com.kaopiz:kprogresshud:1.0.2] AndroidManifest.xml:11:5-13:38
MERGED from [com.weigan:loopView:0.1.2] AndroidManifest.xml:11:5-12:19
MERGED from [com.weigan:loopView:0.1.2] AndroidManifest.xml:11:5-12:19
MERGED from [me.iwf.photopicker:PhotoPicker:0.9.5] AndroidManifest.xml:13:5-23:19
MERGED from [me.iwf.photopicker:PhotoPicker:0.9.5] AndroidManifest.xml:13:5-23:19
MERGED from [com.github.delight-im:Android-AdvancedWebView:v3.0.0] AndroidManifest.xml:9:5-20
MERGED from [com.github.delight-im:Android-AdvancedWebView:v3.0.0] AndroidManifest.xml:9:5-20
MERGED from [com.bm.photoview:library:1.4.1] AndroidManifest.xml:11:5-12:19
MERGED from [com.bm.photoview:library:1.4.1] AndroidManifest.xml:11:5-12:19
MERGED from [com.github.HanHuoBin:BaseDialog:1.2.0] AndroidManifest.xml:11:5-15:19
MERGED from [com.github.HanHuoBin:BaseDialog:1.2.0] AndroidManifest.xml:11:5-15:19
MERGED from [q.rorbin:badgeview:1.1.0] AndroidManifest.xml:11:5-20
MERGED from [q.rorbin:badgeview:1.1.0] AndroidManifest.xml:11:5-20
MERGED from [com.android.support:animated-vector-drawable:25.1.1] AndroidManifest.xml:22:5-20
MERGED from [com.android.support:animated-vector-drawable:25.1.1] AndroidManifest.xml:22:5-20
MERGED from [com.android.support:support-vector-drawable:25.1.1] AndroidManifest.xml:23:5-20
MERGED from [com.android.support:support-vector-drawable:25.1.1] AndroidManifest.xml:23:5-20
MERGED from [com.android.support:support-fragment:25.1.1] AndroidManifest.xml:25:5-20
MERGED from [com.android.support:support-fragment:25.1.1] AndroidManifest.xml:25:5-20
MERGED from [com.android.support:support-media-compat:25.1.1] AndroidManifest.xml:25:5-20
MERGED from [com.android.support:support-media-compat:25.1.1] AndroidManifest.xml:25:5-20
MERGED from [com.android.support:support-core-utils:25.1.1] AndroidManifest.xml:25:5-20
MERGED from [com.android.support:support-core-utils:25.1.1] AndroidManifest.xml:25:5-20
MERGED from [com.android.support:support-core-ui:25.1.1] AndroidManifest.xml:25:5-20
MERGED from [com.android.support:support-core-ui:25.1.1] AndroidManifest.xml:25:5-20
MERGED from [com.android.support:support-compat:25.1.1] AndroidManifest.xml:25:5-20
MERGED from [com.android.support:support-compat:25.1.1] AndroidManifest.xml:25:5-20
MERGED from [com.github.Raizlabs.DBFlow:dbflow:3.0.0-beta6] AndroidManifest.xml:11:5-20
MERGED from [com.github.Raizlabs.DBFlow:dbflow:3.0.0-beta6] AndroidManifest.xml:11:5-20
MERGED from [com.github.chihane:AndroidUtils:1.0.10] AndroidManifest.xml:11:5-14:19
MERGED from [com.github.chihane:AndroidUtils:1.0.10] AndroidManifest.xml:11:5-14:19
	android:supportsRtl
		ADDED from src\main\AndroidManifest.xml:129:9-35
	android:label
		ADDED from src\main\AndroidManifest.xml:127:9-41
	android:resizeableActivity
		ADDED from src\main\AndroidManifest.xml:128:9-42
	android:icon
		ADDED from src\main\AndroidManifest.xml:126:9-37
		REJECTED from [com.pnikosis:materialish-progress:1.0] AndroidManifest.xml:13:9-45
	android:allowBackup
		ADDED from src\main\AndroidManifest.xml:125:9-35
	android:theme
		ADDED from src\main\AndroidManifest.xml:130:9-40
	tools:replace
		ADDED from src\main\AndroidManifest.xml:131:9-52
	android:name
		ADDED from src\main\AndroidManifest.xml:124:9-38
activity#com.azhyun.massxj.activity.SplashActivity
ADDED from src\main\AndroidManifest.xml:132:9-140:20
	android:launchMode
		ADDED from src\main\AndroidManifest.xml:134:13-44
	android:name
		ADDED from src\main\AndroidManifest.xml:133:13-52
intent-filter#android.intent.action.MAIN+android.intent.category.LAUNCHER
ADDED from src\main\AndroidManifest.xml:135:13-139:29
action#android.intent.action.MAIN
ADDED from src\main\AndroidManifest.xml:136:17-69
	android:name
		ADDED from src\main\AndroidManifest.xml:136:25-66
category#android.intent.category.LAUNCHER
ADDED from src\main\AndroidManifest.xml:138:17-77
	android:name
		ADDED from src\main\AndroidManifest.xml:138:27-74
activity#com.azhyun.massxj.activity.MainActivity2
ADDED from src\main\AndroidManifest.xml:141:9-155:20
	android:launchMode
		ADDED from src\main\AndroidManifest.xml:143:13-44
	android:windowSoftInputMode
		ADDED from src\main\AndroidManifest.xml:144:13-52
	android:name
		ADDED from src\main\AndroidManifest.xml:142:13-51
intent-filter#android.intent.action.VIEW+android.intent.category.BROWSABLE+android.intent.category.DEFAULT
ADDED from src\main\AndroidManifest.xml:145:13-154:29
action#android.intent.action.VIEW
ADDED from src\main\AndroidManifest.xml:146:17-69
	android:name
		ADDED from src\main\AndroidManifest.xml:146:25-66
category#android.intent.category.DEFAULT
ADDED from src\main\AndroidManifest.xml:148:17-76
	android:name
		ADDED from src\main\AndroidManifest.xml:148:27-73
category#android.intent.category.BROWSABLE
ADDED from src\main\AndroidManifest.xml:149:17-78
	android:name
		ADDED from src\main\AndroidManifest.xml:149:27-75
data
ADDED from src\main\AndroidManifest.xml:151:17-153:56
	android:host
		ADDED from src\main\AndroidManifest.xml:152:21-43
	android:scheme
		ADDED from src\main\AndroidManifest.xml:153:21-53
activity#com.azhyun.massxj.activity.PublishedActivity
ADDED from src\main\AndroidManifest.xml:156:9-158:47
	android:launchMode
		ADDED from src\main\AndroidManifest.xml:158:13-44
	android:name
		ADDED from src\main\AndroidManifest.xml:157:13-55
activity#com.azhyun.massxj.activity.UserLogingActivity
ADDED from src\main\AndroidManifest.xml:159:9-65
	android:name
		ADDED from src\main\AndroidManifest.xml:159:19-62
activity#com.azhyun.massxj.activity.FarmingServiceActivity
ADDED from src\main\AndroidManifest.xml:160:9-69
	android:name
		ADDED from src\main\AndroidManifest.xml:160:19-66
activity#com.azhyun.massxj.activity.SupplyLobbyActivity
ADDED from src\main\AndroidManifest.xml:161:9-66
	android:name
		ADDED from src\main\AndroidManifest.xml:161:19-63
activity#com.azhyun.massxj.activity.ReleaseTheSupplyActivity
ADDED from src\main\AndroidManifest.xml:162:9-71
	android:name
		ADDED from src\main\AndroidManifest.xml:162:19-68
activity#com.azhyun.massxj.activity.ReleaseForActivity
ADDED from src\main\AndroidManifest.xml:163:9-65
	android:name
		ADDED from src\main\AndroidManifest.xml:163:19-62
activity#com.azhyun.massxj.activity.ReleaseTheSupplyPubackActivity
ADDED from src\main\AndroidManifest.xml:164:9-77
	android:name
		ADDED from src\main\AndroidManifest.xml:164:19-74
activity#com.azhyun.massxj.activity.MyTrusteeshipActivity2
ADDED from src\main\AndroidManifest.xml:165:9-69
	android:name
		ADDED from src\main\AndroidManifest.xml:165:19-66
activity#com.azhyun.massxj.activity.UserInfoActivity
ADDED from src\main\AndroidManifest.xml:166:9-63
	android:name
		ADDED from src\main\AndroidManifest.xml:166:19-60
activity#com.azhyun.massxj.activity.ServiceOrderActivity
ADDED from src\main\AndroidManifest.xml:167:9-67
	android:name
		ADDED from src\main\AndroidManifest.xml:167:19-64
activity#com.azhyun.massxj.activity.OrderInfoActivity
ADDED from src\main\AndroidManifest.xml:168:9-64
	android:name
		ADDED from src\main\AndroidManifest.xml:168:19-61
activity#com.azhyun.massxj.activity.OrderInfoActivity2
ADDED from src\main\AndroidManifest.xml:169:9-65
	android:name
		ADDED from src\main\AndroidManifest.xml:169:19-62
activity#com.azhyun.massxj.activity.AddCommentActivity
ADDED from src\main\AndroidManifest.xml:170:9-65
	android:name
		ADDED from src\main\AndroidManifest.xml:170:19-62
activity#com.azhyun.massxj.activity.MineAuditActivity
ADDED from src\main\AndroidManifest.xml:171:9-64
	android:name
		ADDED from src\main\AndroidManifest.xml:171:19-61
activity#com.azhyun.massxj.activity.ApplyForInfoActivity
ADDED from src\main\AndroidManifest.xml:172:9-67
	android:name